<?xml version="1.0" encoding="UTF-8"?>
<!-- Generated by org.testng.reporters.JUnitReportReporter -->
<testsuite hostname="DESKTOP-VSSMU77" name="testNG.CustomerTest" tests="1" failures="0" timestamp="31 Jul 2018 13:39:24 GMT" time="0.021" errors="0">
  <testcase name="createcustomerTest" time="0.021" classname="testNG.CustomerTest"/>
</testsuite> <!-- testNG.CustomerTest -->
