<?xml version="1.0" encoding="UTF-8"?>
<!-- Generated by org.testng.reporters.JUnitReportReporter -->
<testsuite hostname="DESKTOP-VSSMU77" name="testNG.Screenshot" tests="1" failures="0" timestamp="10 Dec 2018 07:22:37 GMT" time="26.640" errors="0">
  <testcase name="createcustomerTest" time="26.640" classname="testNG.Screenshot"/>
</testsuite> <!-- testNG.Screenshot -->
