<?xml version="1.0" encoding="UTF-8"?>
<!-- Generated by org.testng.reporters.JUnitReportReporter -->
<testsuite hostname="DESKTOP-VSSMU77" name="testNG.CustomerTestSubClass" tests="3" failures="0" timestamp="22 Jul 2018 15:08:33 GMT" time="5.593" errors="0">
  <testcase name="createCustomerTest" time="1.228" classname="testNG.CustomerTestSubClass"/>
  <testcase name="modifyingCustomerTest" time="2.889" classname="testNG.CustomerTestSubClass"/>
  <testcase name="deleteCusomerTest" time="1.476" classname="testNG.CustomerTestSubClass"/>
</testsuite> <!-- testNG.CustomerTestSubClass -->
