<?xml version="1.0" encoding="UTF-8"?>
<!-- Generated by org.testng.reporters.JUnitReportReporter -->
<testsuite hostname="DESKTOP-VSSMU77" name="com.actitime.projectTest.projectTest.ProjectTest" tests="3" failures="0" timestamp="18 Jul 2018 05:24:31 GMT" time="0.008" errors="0">
  <testcase name="modifyingprojectTest" time="0.002" classname="com.actitime.projectTest.projectTest.ProjectTest"/>
  <testcase name="createprojectTest" time="0.004" classname="com.actitime.projectTest.projectTest.ProjectTest"/>
  <testcase name="deleteprojectTest" time="0.002" classname="com.actitime.projectTest.projectTest.ProjectTest"/>
</testsuite> <!-- com.actitime.projectTest.projectTest.ProjectTest -->
