<?xml version="1.0" encoding="UTF-8"?>
<!-- Generated by org.testng.reporters.JUnitReportReporter -->
<testsuite hostname="DESKTOP-VSSMU77" name="testNG.BeforeclassAndAfterclass" tests="3" failures="0" timestamp="18 Jul 2018 05:24:31 GMT" time="0.021" errors="0">
  <testcase name="deleteCusomerTest" time="0.006" classname="testNG.BeforeclassAndAfterclass"/>
  <testcase name="modifyingCustomerTest" time="0.005" classname="testNG.BeforeclassAndAfterclass"/>
  <testcase name="createCustomerTest" time="0.010" classname="testNG.BeforeclassAndAfterclass"/>
</testsuite> <!-- testNG.BeforeclassAndAfterclass -->
