<?xml version="1.0" encoding="UTF-8"?>
<!-- Generated by org.testng.reporters.JUnitReportReporter -->
<testsuite hostname="DESKTOP-VSSMU77" name="com.actitime.userTest.userTest.UserTest" tests="3" failures="0" timestamp="18 Jul 2018 05:24:31 GMT" time="0.010" errors="0">
  <testcase name="deleteuserTest" time="0.003" classname="com.actitime.userTest.userTest.UserTest"/>
  <testcase name="modifyinguserTest" time="0.004" classname="com.actitime.userTest.userTest.UserTest"/>
  <testcase name="createuserTest" time="0.003" classname="com.actitime.userTest.userTest.UserTest"/>
</testsuite> <!-- com.actitime.userTest.userTest.UserTest -->
