<?xml version="1.0" encoding="UTF-8"?>
<!-- Generated by org.testng.reporters.JUnitReportReporter -->
<testsuite hostname="DESKTOP-VSSMU77" name="testNG.CustomerTest1" tests="3" failures="0" timestamp="18 Jul 2018 05:24:31 GMT" time="0.034" errors="0">
  <testcase name="modifyingCustomerTest" time="0.006" classname="testNG.CustomerTest1"/>
  <testcase name="createCustomerTest" time="0.022" classname="testNG.CustomerTest1"/>
  <testcase name="deleteCusomerTest" time="0.006" classname="testNG.CustomerTest1"/>
</testsuite> <!-- testNG.CustomerTest1 -->
