<?xml version="1.0" encoding="UTF-8"?>
<!-- Generated by org.testng.reporters.JUnitReportReporter -->
<testsuite hostname="DESKTOP-VSSMU77" name="testNG.Screenshot" tests="1" failures="0" timestamp="22 Jul 2018 18:40:18 GMT" time="21.188" errors="0">
  <testcase name="createcustomerTest" time="21.188" classname="testNG.Screenshot"/>
</testsuite> <!-- testNG.Screenshot -->
