<?xml version="1.0" encoding="UTF-8"?>
<!-- Generated by org.testng.reporters.JUnitReportReporter -->
<testsuite hostname="DESKTOP-VSSMU77" name="com.actitime.customerTestt.customerTest.CustomerTest" tests="6" failures="0" timestamp="22 Jul 2018 15:09:13 GMT" time="0.084" errors="0">
  <testcase name="deleteCusomerTest" time="0.012" classname="com.actitime.customerTestt.customerTest.CustomerTest"/>
  <testcase name="createCustomerTest" time="0.026" classname="com.actitime.customerTestt.customerTest.CustomerTest"/>
  <testcase name="modifyingCustomerTest" time="0.004" classname="com.actitime.customerTestt.customerTest.CustomerTest"/>
  <testcase name="modifyingCustomerTest" time="0.006" classname="com.actitime.customerTestt.customerTest.CustomerTest"/>
  <testcase name="deleteCusomerTest" time="0.010" classname="com.actitime.customerTestt.customerTest.CustomerTest"/>
  <testcase name="createCustomerTest" time="0.026" classname="com.actitime.customerTestt.customerTest.CustomerTest"/>
</testsuite> <!-- com.actitime.customerTestt.customerTest.CustomerTest -->
