<?xml version="1.0" encoding="UTF-8"?>
<!-- Generated by org.testng.reporters.JUnitReportReporter -->
<testsuite hostname="DESKTOP-VSSMU77" name="Testcasess.Testcase3" tests="1" failures="0" timestamp="10 Jan 2019 06:41:18 GMT" time="0.015" errors="0">
  <testcase name="Testlogin" time="0.015" classname="Testcasess.Testcase3"/>
</testsuite> <!-- Testcasess.Testcase3 -->
