<?xml version="1.0" encoding="UTF-8"?>
<!-- Generated by org.testng.reporters.JUnitReportReporter -->
<testsuite hostname="DESKTOP-VSSMU77" name="TestNG.Screenshot" tests="1" failures="0" timestamp="10 Dec 2018 08:01:42 GMT" time="25.830" errors="0">
  <testcase name="createcustomertest" time="25.830" classname="TestNG.Screenshot"/>
</testsuite> <!-- TestNG.Screenshot -->
