<?xml version="1.0" encoding="UTF-8"?>
<!-- Generated by org.testng.reporters.JUnitReportReporter -->
<testsuite hostname="DESKTOP-VSSMU77" name="TestNG.Program1" tests="7" failures="0" timestamp="10 Dec 2018 06:40:19 GMT" time="0.032" errors="0">
  <testcase name="modifycustomerTest" time="0.000" classname="TestNG.Program1"/>
  <testcase name="deletecustomerTest" time="0.000" classname="TestNG.Program1"/>
  <testcase name="modifycustomerTest" time="0.016" classname="TestNG.Program1"/>
  <testcase name="modifycustomerTest" time="0.000" classname="TestNG.Program1"/>
  <testcase name="createcustomerTest" time="0.000" classname="TestNG.Program1"/>
  <testcase name="modifycustomerTest" time="0.000" classname="TestNG.Program1"/>
  <testcase name="modifycustomerTest" time="0.016" classname="TestNG.Program1"/>
</testsuite> <!-- TestNG.Program1 -->
