<?xml version="1.0" encoding="UTF-8"?>
<!-- Generated by org.testng.reporters.JUnitReportReporter -->
<testsuite hostname="DESKTOP-VSSMU77" name="Testcasess.Testcase1" tests="1" failures="0" timestamp="10 Jan 2019 06:20:05 GMT" time="0.015" errors="0">
  <testcase name="Testfb" time="0.015" classname="Testcasess.Testcase1"/>
</testsuite> <!-- Testcasess.Testcase1 -->
