<?xml version="1.0" encoding="UTF-8"?>
<!-- Generated by org.testng.reporters.JUnitReportReporter -->
<testsuite hostname="DESKTOP-VSSMU77" name="Testcasess.Testcase2" tests="1" failures="0" timestamp="10 Jan 2019 06:20:05 GMT" time="0.016" errors="0">
  <testcase name="Testhome" time="0.016" classname="Testcasess.Testcase2"/>
</testsuite> <!-- Testcasess.Testcase2 -->
