<?xml version="1.0" encoding="UTF-8"?>
<!-- Generated by org.testng.reporters.JUnitReportReporter -->
<testsuite hostname="DESKTOP-VSSMU77" name="Jenkinsdemo.Jenkins" tests="1" failures="0" timestamp="10 Jan 2019 07:16:37 GMT" time="16.116" errors="0">
  <testcase name="Testfb" time="16.116" classname="Jenkinsdemo.Jenkins"/>
</testsuite> <!-- Jenkinsdemo.Jenkins -->
